<?xml version="1.0" encoding="UTF-8"?>
<testng-results ignored="0" total="1" passed="1" failed="0" skipped="0">
  <reporter-output>
  </reporter-output>
  <suite started-at="2021-12-10T18:53:12 IST" name="Default suite" finished-at="2021-12-10T18:53:12 IST" duration-ms="100">
    <groups>
    </groups>
    <test started-at="2021-12-10T18:53:12 IST" name="Default test" finished-at="2021-12-10T18:53:12 IST" duration-ms="100">
      <class name="practiceSDETdemo.DemoPractice1">
        <test-method signature="Demo1()[pri:0, instance:practiceSDETdemo.DemoPractice1@37858383]" started-at="2021-12-10T18:53:12 IST" name="Demo1" finished-at="2021-12-10T18:53:12 IST" duration-ms="16" status="PASS">
          <reporter-output>
          </reporter-output>
        </test-method> <!-- Demo1 -->
      </class> <!-- practiceSDETdemo.DemoPractice1 -->
    </test> <!-- Default test -->
  </suite> <!-- Default suite -->
</testng-results>
